Arguments: 
  C:\Program Files\nodejs\node.exe D:\Yarn\bin\yarn.js add mysqll

PATH: 
  C:\Python27\;C:\Python27\Scripts;C:\windows\system32;C:\windows;C:\Program Files (x86)\Common Files\Oracle\Java\javapath;C:\windows\System32\Wbem;C:\windows\System32\WindowsPowerShell\v1.0\;C:\windows\System32\OpenSSH\;C:\Program Files (x86)\Intel\Intel(R) Management Engine Components\DAL;C:\Program Files\Intel\Intel(R) Management Engine Components\DAL;C:\Program Files (x86)\NVIDIA Corporation\PhysX\Common;c:\Program Files (x86)\HP\HP Performance Advisor;C:\ProgramData\chocolatey\bin;E:\AndroidStudio\Android_SDK\tools;E:\AndroidStudio\Android_SDK\platform-tools;E:\AndroidStudio\Android_SDK\emulator;E:\AndroidStudio\Android_SDK\tools\bin;D:\Yarn\bin\;E:\AS_ADB\ADB;C:\Program Files\Common Files\Autodesk Shared\;C:\Program Files\Microsoft SQL Server\120\Tools\Binn\;E:\cmake\bin\;C:\Program Files\dotnet\;C:\Program Files\Microsoft SQL Server\130\Tools\Binn\;C:\Program Files\Microsoft SQL Server\Client SDK\ODBC\170\Tools\Binn\;E:\sqlite-tools-win32-x86-3340100\sqlite\;C:\Users\39617\AppData\Roaming\nvm;C:\Program Files\nodejs;C:\Users\39617\AppData\Roaming\nvm\node_global\;C:\Program Files (x86)\Microsoft SQL Server\150\DTS\Binn\;C:\WINDOWS\system32;C:\WINDOWS;C:\WINDOWS\System32\Wbem;C:\WINDOWS\System32\WindowsPowerShell\v1.0\;C:\WINDOWS\System32\OpenSSH\;E:\OpenSSL-Win64\bin;E:\Git\cmd;D:\JDK\bin;D:\JDK\lib\dt.jar;D:\JDK\lib\tools.jar;C:\Program Files\MySQL\MySQL Shell 8.0\bin\;C:\Users\39617\AppData\Local\Microsoft\WindowsApps;C:\Users\39617\AppData\Local\Yarn\bin;C:\Users\39617\.dotnet\tools;E:\Microsoft VS Code\bin;C:\Users\39617\AppData\Roaming\nvm;C:\Program Files\nodejs;E:\harmonyOSStudio\DevEco Studio 2.2.0.200\bin;;;E:\WebStorm 2021.3.1\bin;

Yarn version: 
  1.22.4

Node version: 
  16.18.0

Platform: 
  win32 x64

Trace: 
  Error: https://registry.npm.taobao.org/mysqll: [NOT_FOUND] mysqll not found
      at Request.params.callback [as _callback] (D:\Yarn\lib\cli.js:66096:18)
      at Request.self.callback (D:\Yarn\lib\cli.js:140748:22)
      at Request.emit (node:events:513:28)
      at Request.<anonymous> (D:\Yarn\lib\cli.js:141720:10)
      at Request.emit (node:events:513:28)
      at Gunzip.<anonymous> (D:\Yarn\lib\cli.js:141642:12)
      at Object.onceWrapper (node:events:627:28)
      at Gunzip.emit (node:events:513:28)
      at endReadableNT (node:internal/streams/readable:1358:12)
      at processTicksAndRejections (node:internal/process/task_queues:83:21)

npm manifest: 
  {
    "name": "webrtc-from-chat",
    "version": "1.2.0",
    "description": "A simple WebSocket-based chat server with two-way video chat support added",
    "homepage": "http://mdn-samples.mozilla.org/s/webrtc-from-chat/",
    "bugs": "https://github.com/mdn/samples-server/issues",
    "license": "CC0",
    "author": "Eric Shepherd / Mozilla",
    "main": "chatserver.js",
    "repository": {
      "type": "git",
      "url": "https://github.com/mdn/samples-server.git"
    },
    "scripts": {
      "postinstall": "cp node_modules/webrtc-adapter/out/adapter.js ."
    },
    "dependencies": {
      "webrtc-adapter": "^1.4.0",
      "websocket": "^1.0.34"
    },
    "__npminstall_done": false
  }

yarn manifest: 
  No manifest

Lockfile: 
  # THIS IS AN AUTOGENERATED FILE. DO NOT EDIT THIS FILE DIRECTLY.
  # yarn lockfile v1
  
  
  bufferutil@^4.0.1:
    version "4.0.6"
    resolved "https://registry.npmmirror.com/bufferutil/-/bufferutil-4.0.6.tgz#ebd6c67c7922a0e902f053e5d8be5ec850e48433"
    integrity sha512-jduaYOYtnio4aIAyc6UbvPCVcgq7nYpVnucyxr6eCYg/Woad9Hf/oxxBRDnGGjPfjUm6j5O/uBWhIu4iLebFaw==
    dependencies:
      node-gyp-build "^4.3.0"
  
  d@1, d@^1.0.1:
    version "1.0.1"
    resolved "https://registry.npmmirror.com/d/-/d-1.0.1.tgz#8698095372d58dbee346ffd0c7093f99f8f9eb5a"
    integrity sha512-m62ShEObQ39CfralilEQRjH6oAMtNCV1xJyEx5LpRYUVN+EviphDgUc/F3hnYbADmkiNs67Y+3ylmlG7Lnu+FA==
    dependencies:
      es5-ext "^0.10.50"
      type "^1.0.1"
  
  debug@^2.2.0:
    version "2.6.9"
    resolved "https://registry.npmmirror.com/debug/-/debug-2.6.9.tgz#5d128515df134ff327e90a4c93f4e077a536341f"
    integrity sha512-bC7ElrdJaJnPbAP+1EotYvqZsb3ecl5wi6Bfi6BJTUcNowp6cvspg0jXznRTKDjm/E7AdgFBVeAPVMNcKGsHMA==
    dependencies:
      ms "2.0.0"
  
  es5-ext@^0.10.35, es5-ext@^0.10.50:
    version "0.10.62"
    resolved "https://registry.npmmirror.com/es5-ext/-/es5-ext-0.10.62.tgz#5e6adc19a6da524bf3d1e02bbc8960e5eb49a9a5"
    integrity sha512-BHLqn0klhEpnOKSrzn/Xsz2UIW8j+cGmo9JLzr8BiUapV8hPL9+FliFqjwr9ngW7jWdnxv6eO+/LqyhJVqgrjA==
    dependencies:
      es6-iterator "^2.0.3"
      es6-symbol "^3.1.3"
      next-tick "^1.1.0"
  
  es6-iterator@^2.0.3:
    version "2.0.3"
    resolved "https://registry.npmmirror.com/es6-iterator/-/es6-iterator-2.0.3.tgz#a7de889141a05a94b0854403b2d0a0fbfa98f3b7"
    integrity sha512-zw4SRzoUkd+cl+ZoE15A9o1oQd920Bb0iOJMQkQhl3jNc03YqVjAhG7scf9C5KWRU/R13Orf588uCC6525o02g==
    dependencies:
      d "1"
      es5-ext "^0.10.35"
      es6-symbol "^3.1.1"
  
  es6-symbol@^3.1.1, es6-symbol@^3.1.3:
    version "3.1.3"
    resolved "https://registry.npmmirror.com/es6-symbol/-/es6-symbol-3.1.3.tgz#bad5d3c1bcdac28269f4cb331e431c78ac705d18"
    integrity sha512-NJ6Yn3FuDinBaBRWl/q5X/s4koRHBrgKAu+yGI6JCBeiu3qrcbJhwT2GeR/EXVfylRk8dpQVJoLEFhK+Mu31NA==
    dependencies:
      d "^1.0.1"
      ext "^1.1.2"
  
  ext@^1.1.2:
    version "1.7.0"
    resolved "https://registry.npmmirror.com/ext/-/ext-1.7.0.tgz#0ea4383c0103d60e70be99e9a7f11027a33c4f5f"
    integrity sha512-6hxeJYaL110a9b5TEJSj0gojyHQAmA2ch5Os+ySCiA1QGdS697XWY1pzsrSjqA9LDEEgdB/KypIlR59RcLuHYw==
    dependencies:
      type "^2.7.2"
  
  is-typedarray@^1.0.0:
    version "1.0.0"
    resolved "https://registry.npmmirror.com/is-typedarray/-/is-typedarray-1.0.0.tgz#e479c80858df0c1b11ddda6940f96011fcda4a9a"
    integrity sha512-cyA56iCMHAh5CdzjJIa4aohJyeO1YbwLi3Jc35MmRU6poroFjIGZzUzupGiRPOjgHg9TLu43xbpwXk523fMxKA==
  
  ms@2.0.0:
    version "2.0.0"
    resolved "https://registry.npmmirror.com/ms/-/ms-2.0.0.tgz#5608aeadfc00be6c2901df5f9861788de0d597c8"
    integrity sha512-Tpp60P6IUJDTuOq/5Z8cdskzJujfwqfOTkrwIwj7IRISpnkJnT6SyJ4PCPnGMoFjC9ddhal5KVIYtAt97ix05A==
  
  next-tick@^1.1.0:
    version "1.1.0"
    resolved "https://registry.npmmirror.com/next-tick/-/next-tick-1.1.0.tgz#1836ee30ad56d67ef281b22bd199f709449b35eb"
    integrity sha512-CXdUiJembsNjuToQvxayPZF9Vqht7hewsvy2sOWafLvi2awflj9mOC6bHIg50orX8IJvWKY9wYQ/zB2kogPslQ==
  
  node-gyp-build@^4.3.0:
    version "4.5.0"
    resolved "https://registry.npmmirror.com/node-gyp-build/-/node-gyp-build-4.5.0.tgz#7a64eefa0b21112f89f58379da128ac177f20e40"
    integrity sha512-2iGbaQBV+ITgCz76ZEjmhUKAKVf7xfY1sRl4UiKQspfZMH2h06SyhNsnSVy50cwkFQDGLyif6m/6uFXHkOZ6rg==
  
  sdp@^1.0.0:
    version "1.5.4"
    resolved "https://registry.npmmirror.com/sdp/-/sdp-1.5.4.tgz#8e038f6ddb14bd765ae1f4b5216e12094511e0d0"
    integrity sha512-9x0+fpJHW2bbqtIktmL+H9m+BswgurPVPhWrur4cCZPDWDSsdGYvRBaKhDXlnNCD1b/Xi8cOTG2u703CTQuwgg==
  
  type@^1.0.1:
    version "1.2.0"
    resolved "https://registry.npmmirror.com/type/-/type-1.2.0.tgz#848dd7698dafa3e54a6c479e759c4bc3f18847a0"
    integrity sha512-+5nt5AAniqsCnu2cEQQdpzCAh33kVx8n0VoFidKpB1dVVLAN/F+bgVOqOJqOnEnrhp222clB5p3vUlD+1QAnfg==
  
  type@^2.7.2:
    version "2.7.2"
    resolved "https://registry.npmmirror.com/type/-/type-2.7.2.tgz#2376a15a3a28b1efa0f5350dcf72d24df6ef98d0"
    integrity sha512-dzlvlNlt6AXU7EBSfpAscydQ7gXB+pPGsPnfJnZpiNJBDj7IaJzQlBZYGdEi4R9HmPdBv2XmWJ6YUtoTa7lmCw==
  
  typedarray-to-buffer@^3.1.5:
    version "3.1.5"
    resolved "https://registry.npmmirror.com/typedarray-to-buffer/-/typedarray-to-buffer-3.1.5.tgz#a97ee7a9ff42691b9f783ff1bc5112fe3fca9080"
    integrity sha512-zdu8XMNEDepKKR+XYOXAVPtWui0ly0NtohUscw+UmaHiAWT8hrV1rr//H6V+0DvJ3OQ19S979M0laLfX8rm82Q==
    dependencies:
      is-typedarray "^1.0.0"
  
  utf-8-validate@^5.0.2:
    version "5.0.9"
    resolved "https://registry.npmmirror.com/utf-8-validate/-/utf-8-validate-5.0.9.tgz#ba16a822fbeedff1a58918f2a6a6b36387493ea3"
    integrity sha512-Yek7dAy0v3Kl0orwMlvi7TPtiCNrdfHNd7Gcc/pLq4BLXqfAmd0J7OWMizUQnTTJsyjKn02mU7anqwfmUP4J8Q==
    dependencies:
      node-gyp-build "^4.3.0"
  
  webrtc-adapter@^1.4.0:
    version "1.4.0"
    resolved "https://registry.npmmirror.com/webrtc-adapter/-/webrtc-adapter-1.4.0.tgz#58289a63d054c65b36fb0ef389ea2f6d0c7f5d98"
    integrity sha512-QY3cFbkvUW9kSim9XzzKr7jl1zdfxh7ii9j67kZz+Jc/HsKOXcC+mEmovbTID3QthyZCiYsWz2Qs6aUwxEDa/w==
    dependencies:
      sdp "^1.0.0"
  
  websocket@^1.0.34:
    version "1.0.34"
    resolved "https://registry.npmmirror.com/websocket/-/websocket-1.0.34.tgz#2bdc2602c08bf2c82253b730655c0ef7dcab3111"
    integrity sha512-PRDso2sGwF6kM75QykIesBijKSVceR6jL2G8NGYyq2XrItNC2P5/qL5XeR056GhA+Ly7JMFvJb9I312mJfmqnQ==
    dependencies:
      bufferutil "^4.0.1"
      debug "^2.2.0"
      es5-ext "^0.10.50"
      typedarray-to-buffer "^3.1.5"
      utf-8-validate "^5.0.2"
      yaeti "^0.0.6"
  
  yaeti@^0.0.6:
    version "0.0.6"
    resolved "https://registry.npmmirror.com/yaeti/-/yaeti-0.0.6.tgz#f26f484d72684cf42bedfb76970aa1608fbf9577"
    integrity sha512-MvQa//+KcZCUkBTIC9blM+CU9J2GzuTytsOUwf2lidtvkx/6gnEp1QvJv34t9vdjhFmha/mUiNDbN0D0mJWdug==
